<?xml version="1.0" encoding="UTF-8"?>
<!-- Generated by org.testng.reporters.JUnitReportReporter -->
<testsuite skipped="0" hostname="AZV2311-L2" name="com.Doglist.TC_01Doglist" tests="1" failures="0" timestamp="17 Aug 2020 19:50:35 GMT" time="3.428" errors="0">
  <testcase name="GetList" time="3.428" classname="com.Doglist.TC_01Doglist"/>
</testsuite> <!-- com.Doglist.TC_01Doglist -->
